<?xml version="1.0" encoding="UTF-8"?>
<!-- Generated by org.testng.reporters.JUnitReportReporter -->
<testsuite hostname="CKKC" failures="0" tests="1" name="tests.UsersApiTest" time="1.540" errors="0" timestamp="2025-04-28T01:54:36 GMT-06:00" skipped="0">
  <testcase classname="tests.UsersApiTest" name="getPublicAPI" time="1.540"/>
  <system-out/>
</testsuite> <!-- tests.UsersApiTest -->
