<?xml version="1.0" encoding="UTF-8"?>
<!-- Generated by org.testng.reporters.JUnitReportReporter -->
<testsuite hostname="CKKC" failures="0" tests="2" name="tests.PostsApiTest" time="3.107" errors="0" timestamp="2025-04-28T12:17:59 GMT-06:00" skipped="0">
  <testcase classname="tests.PostsApiTest" name="testCreatePost" time="2.601"/>
  <system-out/>
  <testcase classname="tests.PostsApiTest" name="testGetSinglePost" time="0.506"/>
  <system-out/>
</testsuite> <!-- tests.PostsApiTest -->
